<?xml version="1.0" encoding="UTF-8"?>
<!-- Generated by org.testng.reporters.JUnitReportReporter -->
<testsuite hostname="DESKTOP-N9N8M7C" failures="0" tests="1" name="testCases.LoginTest" time="3.105" errors="0" timestamp="2023-10-05T12:41:45 IST" skipped="0">
  <testcase classname="testCases.LoginTest" name="loginAsbankManager" time="3.105"/>
  <system-out/>
</testsuite> <!-- testCases.LoginTest -->
