<?xml version="1.0" encoding="UTF-8"?>
<!-- Generated by org.testng.reporters.JUnitReportReporter -->
<testsuite hostname="DESKTOP-N9N8M7C" failures="0" tests="2" name="testCases.TC_001_LoginTest" time="6.638" errors="0" timestamp="2023-10-08T08:00:23 IST" skipped="0">
  <testcase classname="testCases.TC_001_LoginTest" name="loginAsbankManager" time="3.266"/>
  <system-out/>
  <testcase classname="testCases.TC_001_LoginTest" name="loginAsbankManager" time="3.372"/>
  <system-out/>
</testsuite> <!-- testCases.TC_001_LoginTest -->
