<?xml version="1.0" encoding="UTF-8"?>
<!-- Generated by org.testng.reporters.JUnitReportReporter -->
<testsuite hostname="DESKTOP-N9N8M7C" failures="0" tests="1" name="testCases.TC_001_LoginTest" time="3.223" errors="0" timestamp="2023-10-08T08:07:22 IST" skipped="0">
  <testcase classname="testCases.TC_001_LoginTest" name="loginAsbankManager" time="3.223"/>
</testsuite> <!-- testCases.TC_001_LoginTest -->
